2024-02-19 12:44:04,791 [INFO] Activator:176 - 


2024-02-19 12:44:04,795 [INFO] Activator:177 - !SESSION log4j initialized
2024-02-19 12:44:07,394 [INFO] LogOutputStream:77 - [STDOUT_REDIRECT] 
2024-02-19 12:44:07,641 [ERROR] ConfigurationRetriever:142 - IOException on connection: sw-center.st.com
2024-02-19 12:44:07,641 [ERROR] ConfigurationRetriever:142 - IOException on connection: sw-center.st.com
2024-02-19 12:44:07,642 [ERROR] ConfigurationRetriever:142 - IOException on connection: sw-center.st.com
2024-02-19 12:44:07,727 [ERROR] LogOutputStream:75 - [STDERR_REDIRECT] java.net.URISyntaxException: Illegal character in path at index 34: file:/home/rezk/rzk/ES/Developping Area/ARM/stm32f407xx/MCU2_ws/.metadata/.log4j2.xml
2024-02-19 12:44:07,727 [ERROR] LogOutputStream:75 - [STDERR_REDIRECT] 	at java.base/java.net.URI$Parser.fail(URI.java:2976)
2024-02-19 12:44:07,727 [ERROR] LogOutputStream:75 - [STDERR_REDIRECT] 	at java.base/java.net.URI$Parser.checkChars(URI.java:3147)
2024-02-19 12:44:07,727 [ERROR] LogOutputStream:75 - [STDERR_REDIRECT] 	at java.base/java.net.URI$Parser.parseHierarchical(URI.java:3229)
2024-02-19 12:44:07,728 [ERROR] LogOutputStream:75 - [STDERR_REDIRECT] 	at java.base/java.net.URI$Parser.parse(URI.java:3177)
2024-02-19 12:44:07,728 [ERROR] LogOutputStream:75 - [STDERR_REDIRECT] 	at java.base/java.net.URI.<init>(URI.java:623)
2024-02-19 12:44:07,728 [ERROR] LogOutputStream:75 - [STDERR_REDIRECT] 	at java.base/java.net.URL.toURI(URL.java:1056)
2024-02-19 12:44:07,728 [ERROR] LogOutputStream:75 - [STDERR_REDIRECT] 	at com.st.stm32cube.common.mx.core.CubeMxInstance.getInstance(CubeMxInstance.java:81)
2024-02-19 12:44:07,729 [ERROR] LogOutputStream:75 - [STDERR_REDIRECT] 	at com.st.stm32cube.common.mx.userauth.UserAuthAdapter.<init>(UserAuthAdapter.java:25)
2024-02-19 12:44:07,729 [ERROR] LogOutputStream:75 - [STDERR_REDIRECT] 	at com.st.stm32cube.common.mx.userauth.UserAuthProvider.getUserAuthAdapter(UserAuthProvider.java:16)
2024-02-19 12:44:07,729 [ERROR] LogOutputStream:75 - [STDERR_REDIRECT] 	at com.st.stm32cube.common.ecosystemintegration.ui.core.MCUEcoSystemIntegrationUiHelper.getUserAuth(MCUEcoSystemIntegrationUiHelper.java:100)
2024-02-19 12:44:07,729 [ERROR] LogOutputStream:75 - [STDERR_REDIRECT] 	at com.st.stm32cube.ide.mcu.userauth.UserAuthStartup.earlyStartup(UserAuthStartup.java:41)
2024-02-19 12:44:07,729 [ERROR] LogOutputStream:75 - [STDERR_REDIRECT] 	at org.eclipse.ui.internal.EarlyStartupRunnable.runEarlyStartup(EarlyStartupRunnable.java:79)
2024-02-19 12:44:07,730 [ERROR] LogOutputStream:75 - [STDERR_REDIRECT] 	at org.eclipse.ui.internal.EarlyStartupRunnable.run(EarlyStartupRunnable.java:55)
2024-02-19 12:44:07,730 [ERROR] LogOutputStream:75 - [STDERR_REDIRECT] 	at org.eclipse.core.runtime.SafeRunner.run(SafeRunner.java:45)
2024-02-19 12:44:07,730 [ERROR] LogOutputStream:75 - [STDERR_REDIRECT] 	at org.eclipse.ui.internal.Workbench$39.run(Workbench.java:2737)
2024-02-19 12:44:07,730 [ERROR] LogOutputStream:75 - [STDERR_REDIRECT] 	at org.eclipse.core.internal.jobs.Worker.run(Worker.java:63)
2024-02-19 12:44:12,039 [INFO] LogOutputStream:77 - [STDOUT_REDIRECT] 1 : Invalid condition id : UX_CORESTACK_Condition cause : null
2024-02-19 12:44:12,040 [INFO] LogOutputStream:77 - [STDOUT_REDIRECT] 1 : Invalid condition id : UX_CORESTACK_Condition cause : null
2024-02-19 12:44:12,040 [INFO] LogOutputStream:77 - [STDOUT_REDIRECT] 1 : Invalid condition id : UX_CORESTACK_Condition cause : null
2024-02-19 12:44:12,040 [INFO] LogOutputStream:77 - [STDOUT_REDIRECT] 1 : Invalid condition id : UX_CORESTACK_Condition cause : null
2024-02-19 12:44:12,040 [INFO] LogOutputStream:77 - [STDOUT_REDIRECT] 1 : Invalid condition id : UX_CORESTACK_Condition cause : null
2024-02-19 12:44:30,162 [ERROR] LogOutputStream:75 - [STDERR_REDIRECT] SLF4J: Failed to load class "org.slf4j.impl.StaticLoggerBinder".
2024-02-19 12:44:30,162 [ERROR] LogOutputStream:75 - [STDERR_REDIRECT] SLF4J: Defaulting to no-operation (NOP) logger implementation
2024-02-19 12:44:30,162 [ERROR] LogOutputStream:75 - [STDERR_REDIRECT] SLF4J: See http://www.slf4j.org/codes.html#StaticLoggerBinder for further details.
2024-02-19 12:55:14,772 [ERROR] ConfigurationRetriever:142 - IOException on connection: sw-center.st.com
2024-02-19 12:55:14,773 [ERROR] ConfigurationRetriever:142 - IOException on connection: sw-center.st.com
2024-02-19 12:55:14,773 [ERROR] ConfigurationRetriever:142 - IOException on connection: sw-center.st.com
2024-02-19 12:55:19,377 [ERROR] ConfigurationRetriever:142 - IOException on connection: sw-center.st.com
2024-02-19 12:55:19,377 [ERROR] ConfigurationRetriever:142 - IOException on connection: sw-center.st.com
2024-02-19 12:55:19,378 [ERROR] ConfigurationRetriever:142 - IOException on connection: sw-center.st.com
2024-02-19 13:11:34,244 [ERROR] ConfigurationRetriever:142 - IOException on connection: sw-center.st.com
2024-02-19 13:11:34,245 [ERROR] ConfigurationRetriever:142 - IOException on connection: sw-center.st.com
2024-02-19 13:11:34,246 [ERROR] ConfigurationRetriever:142 - IOException on connection: sw-center.st.com
2024-02-19 13:11:41,754 [ERROR] ConfigurationRetriever:142 - IOException on connection: sw-center.st.com
2024-02-19 13:11:41,755 [ERROR] ConfigurationRetriever:142 - IOException on connection: sw-center.st.com
2024-02-19 13:11:41,755 [ERROR] ConfigurationRetriever:142 - IOException on connection: sw-center.st.com
2024-02-19 13:14:57,183 [ERROR] ConfigurationRetriever:142 - IOException on connection: sw-center.st.com
2024-02-19 13:14:57,184 [ERROR] ConfigurationRetriever:142 - IOException on connection: sw-center.st.com
2024-02-19 13:14:57,184 [ERROR] ConfigurationRetriever:142 - IOException on connection: sw-center.st.com
2024-02-19 13:23:44,470 [ERROR] ConfigurationRetriever:142 - IOException on connection: sw-center.st.com
2024-02-19 13:23:44,470 [ERROR] ConfigurationRetriever:142 - IOException on connection: sw-center.st.com
2024-02-19 13:23:44,471 [ERROR] ConfigurationRetriever:142 - IOException on connection: sw-center.st.com
