2024-10-16 13:51:51,526 [INFO] Activator:176 - 


2024-10-16 13:51:51,529 [INFO] Activator:177 - !SESSION log4j initialized
2024-10-16 13:52:14,683 [INFO] LogOutputStream:77 - [STDOUT_REDIRECT] 
2024-10-16 13:52:24,885 [ERROR] LogOutputStream:75 - [STDERR_REDIRECT] java.net.URISyntaxException: Illegal character in path at index 34: file:/home/rezk/rzk/ES/Developping Area/ARM/stm32f407xx/MCU2_ws/.metadata/.log4j2.xml
2024-10-16 13:52:24,886 [ERROR] LogOutputStream:75 - [STDERR_REDIRECT] 	at java.base/java.net.URI$Parser.fail(URI.java:2976)
2024-10-16 13:52:24,886 [ERROR] LogOutputStream:75 - [STDERR_REDIRECT] 	at java.base/java.net.URI$Parser.checkChars(URI.java:3147)
2024-10-16 13:52:24,886 [ERROR] LogOutputStream:75 - [STDERR_REDIRECT] 	at java.base/java.net.URI$Parser.parseHierarchical(URI.java:3229)
2024-10-16 13:52:24,886 [ERROR] LogOutputStream:75 - [STDERR_REDIRECT] 	at java.base/java.net.URI$Parser.parse(URI.java:3177)
2024-10-16 13:52:24,886 [ERROR] LogOutputStream:75 - [STDERR_REDIRECT] 	at java.base/java.net.URI.<init>(URI.java:623)
2024-10-16 13:52:24,887 [ERROR] LogOutputStream:75 - [STDERR_REDIRECT] 	at java.base/java.net.URL.toURI(URL.java:1056)
2024-10-16 13:52:24,887 [ERROR] LogOutputStream:75 - [STDERR_REDIRECT] 	at com.st.stm32cube.common.mx.core.CubeMxInstance.getInstance(CubeMxInstance.java:81)
2024-10-16 13:52:24,887 [ERROR] LogOutputStream:75 - [STDERR_REDIRECT] 	at com.st.stm32cube.common.mx.userauth.UserAuthAdapter.<init>(UserAuthAdapter.java:25)
2024-10-16 13:52:24,887 [ERROR] LogOutputStream:75 - [STDERR_REDIRECT] 	at com.st.stm32cube.common.mx.userauth.UserAuthProvider.getUserAuthAdapter(UserAuthProvider.java:16)
2024-10-16 13:52:24,887 [ERROR] LogOutputStream:75 - [STDERR_REDIRECT] 	at com.st.stm32cube.common.ecosystemintegration.ui.core.MCUEcoSystemIntegrationUiHelper.getUserAuth(MCUEcoSystemIntegrationUiHelper.java:100)
2024-10-16 13:52:24,888 [ERROR] LogOutputStream:75 - [STDERR_REDIRECT] 	at com.st.stm32cube.ide.mcu.userauth.UserAuthStartup.earlyStartup(UserAuthStartup.java:41)
2024-10-16 13:52:24,888 [ERROR] LogOutputStream:75 - [STDERR_REDIRECT] 	at org.eclipse.ui.internal.EarlyStartupRunnable.runEarlyStartup(EarlyStartupRunnable.java:79)
2024-10-16 13:52:24,888 [ERROR] LogOutputStream:75 - [STDERR_REDIRECT] 	at org.eclipse.ui.internal.EarlyStartupRunnable.run(EarlyStartupRunnable.java:55)
2024-10-16 13:52:24,888 [ERROR] LogOutputStream:75 - [STDERR_REDIRECT] 	at org.eclipse.core.runtime.SafeRunner.run(SafeRunner.java:45)
2024-10-16 13:52:24,888 [ERROR] LogOutputStream:75 - [STDERR_REDIRECT] 	at org.eclipse.ui.internal.Workbench$39.run(Workbench.java:2737)
2024-10-16 13:52:24,889 [ERROR] LogOutputStream:75 - [STDERR_REDIRECT] 	at org.eclipse.core.internal.jobs.Worker.run(Worker.java:63)
2024-10-16 13:52:39,886 [ERROR] ConfigurationRetriever:142 - IOException on connection: sw-center.st.com
2024-10-16 13:52:39,889 [ERROR] ConfigurationRetriever:142 - IOException on connection: sw-center.st.com
2024-10-16 13:52:39,890 [ERROR] ConfigurationRetriever:142 - IOException on connection: sw-center.st.com
2024-10-16 13:53:00,170 [ERROR] LogOutputStream:75 - [STDERR_REDIRECT] SLF4J: Failed to load class "org.slf4j.impl.StaticLoggerBinder".
2024-10-16 13:53:00,171 [ERROR] LogOutputStream:75 - [STDERR_REDIRECT] SLF4J: Defaulting to no-operation (NOP) logger implementation
2024-10-16 13:53:00,171 [ERROR] LogOutputStream:75 - [STDERR_REDIRECT] SLF4J: See http://www.slf4j.org/codes.html#StaticLoggerBinder for further details.
2024-10-16 14:18:32,514 [ERROR] ConfigurationRetriever:142 - IOException on connection: sw-center.st.com
2024-10-16 14:18:32,514 [ERROR] ConfigurationRetriever:142 - IOException on connection: sw-center.st.com
2024-10-16 14:18:32,515 [ERROR] ConfigurationRetriever:142 - IOException on connection: sw-center.st.com
2024-10-16 16:46:44,299 [ERROR] ConfigurationRetriever:142 - IOException on connection: Connect timed out
2024-10-16 16:46:47,473 [ERROR] ConfigurationRetriever:142 - IOException on connection: Read timed out
2024-10-16 16:46:49,476 [ERROR] ConfigurationRetriever:142 - IOException on connection: Connect timed out
2024-10-16 17:18:25,575 [ERROR] ConfigurationRetriever:142 - IOException on connection: sw-center.st.com
2024-10-16 17:18:25,577 [ERROR] ConfigurationRetriever:142 - IOException on connection: sw-center.st.com
2024-10-16 17:18:25,578 [ERROR] ConfigurationRetriever:142 - IOException on connection: sw-center.st.com
2024-10-16 17:48:46,102 [ERROR] ConfigurationRetriever:142 - IOException on connection: Read timed out
2024-10-16 17:48:48,106 [ERROR] ConfigurationRetriever:142 - IOException on connection: Connect timed out
2024-10-16 17:48:52,653 [ERROR] ConfigurationRetriever:142 - IOException on connection: Read timed out
